Insert filename: 
c499.000.matrix
(|N| = 2, |M| = 203) 

MHS found: [158] of dimension 1
MHS encountered : 1 

MHS found: [190] of dimension 1
MHS encountered : 2 

MHS found: [2, 12] of dimension 2
MHS encountered : 3 

MHS found: [2, 13] of dimension 2
MHS encountered : 4 

MHS found: [2, 16] of dimension 2
MHS encountered : 5 

MHS found: [2, 17] of dimension 2
MHS encountered : 6 

MHS found: [2, 21] of dimension 2
MHS encountered : 7 

MHS found: [2, 32] of dimension 2
MHS encountered : 8 

MHS found: [2, 33] of dimension 2
MHS encountered : 9 

MHS found: [2, 47] of dimension 2
MHS encountered : 10 

MHS found: [2, 49] of dimension 2
MHS encountered : 11 

MHS found: [2, 53] of dimension 2
MHS encountered : 12 

MHS found: [2, 65] of dimension 2
MHS encountered : 13 

MHS found: [2, 69] of dimension 2
MHS encountered : 14 

MHS found: [2, 77] of dimension 2
MHS encountered : 15 

MHS found: [2, 115] of dimension 2
MHS encountered : 16 

MHS found: [2, 136] of dimension 2
MHS encountered : 17 

MHS found: [3, 12] of dimension 2
MHS encountered : 18 

MHS found: [3, 13] of dimension 2
MHS encountered : 19 

MHS found: [3, 16] of dimension 2
MHS encountered : 20 

MHS found: [3, 17] of dimension 2
MHS encountered : 21 

MHS found: [3, 21] of dimension 2
MHS encountered : 22 

MHS found: [3, 32] of dimension 2
MHS encountered : 23 

MHS found: [3, 33] of dimension 2
MHS encountered : 24 

MHS found: [3, 47] of dimension 2
MHS encountered : 25 

MHS found: [3, 49] of dimension 2
MHS encountered : 26 

MHS found: [3, 53] of dimension 2
MHS encountered : 27 

MHS found: [3, 65] of dimension 2
MHS encountered : 28 

MHS found: [3, 69] of dimension 2
MHS encountered : 29 

MHS found: [3, 77] of dimension 2
MHS encountered : 30 

MHS found: [3, 115] of dimension 2
MHS encountered : 31 

MHS found: [3, 136] of dimension 2
MHS encountered : 32 

MHS found: [6, 12] of dimension 2
MHS encountered : 33 

MHS found: [6, 13] of dimension 2
MHS encountered : 34 

MHS found: [6, 16] of dimension 2
MHS encountered : 35 

MHS found: [6, 17] of dimension 2
MHS encountered : 36 

MHS found: [6, 21] of dimension 2
MHS encountered : 37 

MHS found: [6, 32] of dimension 2
MHS encountered : 38 

MHS found: [6, 33] of dimension 2
MHS encountered : 39 

MHS found: [6, 47] of dimension 2
MHS encountered : 40 

MHS found: [6, 49] of dimension 2
MHS encountered : 41 

MHS found: [6, 53] of dimension 2
MHS encountered : 42 

MHS found: [6, 65] of dimension 2
MHS encountered : 43 

MHS found: [6, 69] of dimension 2
MHS encountered : 44 

MHS found: [6, 77] of dimension 2
MHS encountered : 45 

MHS found: [6, 115] of dimension 2
MHS encountered : 46 

MHS found: [6, 136] of dimension 2
MHS encountered : 47 

MHS found: [7, 12] of dimension 2
MHS encountered : 48 

MHS found: [7, 13] of dimension 2
MHS encountered : 49 

MHS found: [7, 16] of dimension 2
MHS encountered : 50 

MHS found: [7, 17] of dimension 2
MHS encountered : 51 

MHS found: [7, 21] of dimension 2
MHS encountered : 52 

MHS found: [7, 32] of dimension 2
MHS encountered : 53 

MHS found: [7, 33] of dimension 2
MHS encountered : 54 

MHS found: [7, 47] of dimension 2
MHS encountered : 55 

MHS found: [7, 49] of dimension 2
MHS encountered : 56 

MHS found: [7, 53] of dimension 2
MHS encountered : 57 

MHS found: [7, 65] of dimension 2
MHS encountered : 58 

MHS found: [7, 69] of dimension 2
MHS encountered : 59 

MHS found: [7, 77] of dimension 2
MHS encountered : 60 

MHS found: [7, 115] of dimension 2
MHS encountered : 61 

MHS found: [7, 136] of dimension 2
MHS encountered : 62 

MHS found: [12, 24] of dimension 2
MHS encountered : 63 

MHS found: [12, 38] of dimension 2
MHS encountered : 64 

MHS found: [12, 39] of dimension 2
MHS encountered : 65 

MHS found: [12, 42] of dimension 2
MHS encountered : 66 

MHS found: [12, 44] of dimension 2
MHS encountered : 67 

MHS found: [12, 56] of dimension 2
MHS encountered : 68 

MHS found: [12, 60] of dimension 2
MHS encountered : 69 

MHS found: [12, 72] of dimension 2
MHS encountered : 70 

MHS found: [12, 80] of dimension 2
MHS encountered : 71 

MHS found: [13, 24] of dimension 2
MHS encountered : 72 

MHS found: [13, 38] of dimension 2
MHS encountered : 73 

MHS found: [13, 39] of dimension 2
MHS encountered : 74 

MHS found: [13, 42] of dimension 2
MHS encountered : 75 

MHS found: [13, 44] of dimension 2
MHS encountered : 76 

MHS found: [13, 56] of dimension 2
MHS encountered : 77 

MHS found: [13, 60] of dimension 2
MHS encountered : 78 

MHS found: [13, 72] of dimension 2
MHS encountered : 79 

MHS found: [13, 80] of dimension 2
MHS encountered : 80 

MHS found: [16, 24] of dimension 2
MHS encountered : 81 

MHS found: [16, 38] of dimension 2
MHS encountered : 82 

MHS found: [16, 39] of dimension 2
MHS encountered : 83 

MHS found: [16, 42] of dimension 2
MHS encountered : 84 

MHS found: [16, 44] of dimension 2
MHS encountered : 85 

MHS found: [16, 56] of dimension 2
MHS encountered : 86 

MHS found: [16, 60] of dimension 2
MHS encountered : 87 

MHS found: [16, 72] of dimension 2
MHS encountered : 88 

MHS found: [16, 80] of dimension 2
MHS encountered : 89 

MHS found: [17, 24] of dimension 2
MHS encountered : 90 

MHS found: [17, 38] of dimension 2
MHS encountered : 91 

MHS found: [17, 39] of dimension 2
MHS encountered : 92 

MHS found: [17, 42] of dimension 2
MHS encountered : 93 

MHS found: [17, 44] of dimension 2
MHS encountered : 94 

MHS found: [17, 56] of dimension 2
MHS encountered : 95 

MHS found: [17, 60] of dimension 2
MHS encountered : 96 

MHS found: [17, 72] of dimension 2
MHS encountered : 97 

MHS found: [17, 80] of dimension 2
MHS encountered : 98 

MHS found: [21, 24] of dimension 2
MHS encountered : 99 

MHS found: [21, 38] of dimension 2
MHS encountered : 100 

MHS found: [21, 39] of dimension 2
MHS encountered : 101 

MHS found: [21, 42] of dimension 2
MHS encountered : 102 

MHS found: [21, 44] of dimension 2
MHS encountered : 103 

MHS found: [21, 56] of dimension 2
MHS encountered : 104 

MHS found: [21, 60] of dimension 2
MHS encountered : 105 

MHS found: [21, 72] of dimension 2
MHS encountered : 106 

MHS found: [21, 80] of dimension 2
MHS encountered : 107 

MHS found: [24, 32] of dimension 2
MHS encountered : 108 

MHS found: [24, 33] of dimension 2
MHS encountered : 109 

MHS found: [24, 47] of dimension 2
MHS encountered : 110 

MHS found: [24, 49] of dimension 2
MHS encountered : 111 

MHS found: [24, 53] of dimension 2
MHS encountered : 112 

MHS found: [24, 65] of dimension 2
MHS encountered : 113 

MHS found: [24, 69] of dimension 2
MHS encountered : 114 

MHS found: [24, 77] of dimension 2
MHS encountered : 115 

MHS found: [24, 115] of dimension 2
MHS encountered : 116 

MHS found: [24, 136] of dimension 2
MHS encountered : 117 

MHS found: [32, 38] of dimension 2
MHS encountered : 118 

MHS found: [32, 39] of dimension 2
MHS encountered : 119 

MHS found: [32, 42] of dimension 2
MHS encountered : 120 

MHS found: [32, 44] of dimension 2
MHS encountered : 121 

MHS found: [32, 56] of dimension 2
MHS encountered : 122 

MHS found: [32, 60] of dimension 2
MHS encountered : 123 

MHS found: [32, 72] of dimension 2
MHS encountered : 124 

MHS found: [32, 80] of dimension 2
MHS encountered : 125 

MHS found: [33, 38] of dimension 2
MHS encountered : 126 

MHS found: [33, 39] of dimension 2
MHS encountered : 127 

MHS found: [33, 42] of dimension 2
MHS encountered : 128 

MHS found: [33, 44] of dimension 2
MHS encountered : 129 

MHS found: [33, 56] of dimension 2
MHS encountered : 130 

MHS found: [33, 60] of dimension 2
MHS encountered : 131 

MHS found: [33, 72] of dimension 2
MHS encountered : 132 

MHS found: [33, 80] of dimension 2
MHS encountered : 133 

MHS found: [38, 47] of dimension 2
MHS encountered : 134 

MHS found: [38, 49] of dimension 2
MHS encountered : 135 

MHS found: [38, 53] of dimension 2
MHS encountered : 136 

MHS found: [38, 65] of dimension 2
MHS encountered : 137 

MHS found: [38, 69] of dimension 2
MHS encountered : 138 

MHS found: [38, 77] of dimension 2
MHS encountered : 139 

MHS found: [38, 115] of dimension 2
MHS encountered : 140 

MHS found: [38, 136] of dimension 2
MHS encountered : 141 

MHS found: [39, 47] of dimension 2
MHS encountered : 142 

MHS found: [39, 49] of dimension 2
MHS encountered : 143 

MHS found: [39, 53] of dimension 2
MHS encountered : 144 

MHS found: [39, 65] of dimension 2
MHS encountered : 145 

MHS found: [39, 69] of dimension 2
MHS encountered : 146 

MHS found: [39, 77] of dimension 2
MHS encountered : 147 

MHS found: [39, 115] of dimension 2
MHS encountered : 148 

MHS found: [39, 136] of dimension 2
MHS encountered : 149 

MHS found: [42, 47] of dimension 2
MHS encountered : 150 

MHS found: [42, 49] of dimension 2
MHS encountered : 151 

MHS found: [42, 53] of dimension 2
MHS encountered : 152 

MHS found: [42, 65] of dimension 2
MHS encountered : 153 

MHS found: [42, 69] of dimension 2
MHS encountered : 154 

MHS found: [42, 77] of dimension 2
MHS encountered : 155 

MHS found: [42, 115] of dimension 2
MHS encountered : 156 

MHS found: [42, 136] of dimension 2
MHS encountered : 157 

MHS found: [44, 47] of dimension 2
MHS encountered : 158 

MHS found: [44, 49] of dimension 2
MHS encountered : 159 

MHS found: [44, 53] of dimension 2
MHS encountered : 160 

MHS found: [44, 65] of dimension 2
MHS encountered : 161 

MHS found: [44, 69] of dimension 2
MHS encountered : 162 

MHS found: [44, 77] of dimension 2
MHS encountered : 163 

MHS found: [44, 115] of dimension 2
MHS encountered : 164 

MHS found: [44, 136] of dimension 2
MHS encountered : 165 

MHS found: [47, 56] of dimension 2
MHS encountered : 166 

MHS found: [47, 60] of dimension 2
MHS encountered : 167 

MHS found: [47, 72] of dimension 2
MHS encountered : 168 

MHS found: [47, 80] of dimension 2
MHS encountered : 169 

MHS found: [49, 56] of dimension 2
MHS encountered : 170 

MHS found: [49, 60] of dimension 2
MHS encountered : 171 

MHS found: [49, 72] of dimension 2
MHS encountered : 172 

MHS found: [49, 80] of dimension 2
MHS encountered : 173 

MHS found: [53, 56] of dimension 2
MHS encountered : 174 

MHS found: [53, 60] of dimension 2
MHS encountered : 175 

MHS found: [53, 72] of dimension 2
MHS encountered : 176 

MHS found: [53, 80] of dimension 2
MHS encountered : 177 

MHS found: [56, 65] of dimension 2
MHS encountered : 178 

MHS found: [56, 69] of dimension 2
MHS encountered : 179 

MHS found: [56, 77] of dimension 2
MHS encountered : 180 

MHS found: [56, 115] of dimension 2
MHS encountered : 181 

MHS found: [56, 136] of dimension 2
MHS encountered : 182 

MHS found: [60, 65] of dimension 2
MHS encountered : 183 

MHS found: [60, 69] of dimension 2
MHS encountered : 184 

MHS found: [60, 77] of dimension 2
MHS encountered : 185 

MHS found: [60, 115] of dimension 2
MHS encountered : 186 

MHS found: [60, 136] of dimension 2
MHS encountered : 187 

MHS found: [65, 72] of dimension 2
MHS encountered : 188 

MHS found: [65, 80] of dimension 2
MHS encountered : 189 

MHS found: [69, 72] of dimension 2
MHS encountered : 190 

MHS found: [69, 80] of dimension 2
MHS encountered : 191 

MHS found: [72, 77] of dimension 2
MHS encountered : 192 

MHS found: [72, 115] of dimension 2
MHS encountered : 193 

MHS found: [72, 136] of dimension 2
MHS encountered : 194 

MHS found: [77, 80] of dimension 2
MHS encountered : 195 

MHS found: [80, 115] of dimension 2
MHS encountered : 196 

MHS found: [80, 136] of dimension 2
MHS encountered : 197 

MBASE required 0.132150 seconds to execute 
 Execution completed 

Rows dropped in pre-processing: [] 

Columns dropped in preprocessing: [1, 4, 5, 8, 9, 10, 11, 14, 15, 18, 19, 20, 22, 23, 25, 26, 27, 28, 29, 30, 31, 34, 35, 36, 37, 40, 41, 43, 45, 46, 48, 50, 51, 52, 54, 55, 57, 58, 59, 61, 62, 63, 64, 66, 67, 68, 70, 71, 73, 74, 75, 76, 78, 79, 81, 82, 83, 84, 85, 86, 87, 88, 89, 90, 91, 92, 93, 94, 95, 96, 97, 98, 99, 100, 101, 102, 103, 104, 105, 106, 107, 108, 109, 110, 111, 112, 113, 114, 116, 117, 118, 119, 120, 121, 122, 123, 124, 125, 126, 127, 128, 129, 130, 131, 132, 133, 134, 135, 137, 138, 139, 140, 141, 142, 143, 144, 145, 146, 147, 148, 149, 150, 151, 152, 153, 154, 155, 156, 157, 159, 160, 161, 162, 163, 164, 165, 166, 167, 168, 169, 170, 171, 172, 173, 174, 175, 176, 177, 178, 179, 180, 181, 182, 183, 184, 185, 186, 187, 188, 189, 191, 192, 193, 194, 195, 196, 197, 198, 199, 200, 201, 202, 203] 

Preprocessing required 0.000331 seconds to execute 

(|N| = 2, |M| = 30) 

MHS found: [158] of dimension 1
MHS encountered : 1 

MHS found: [190] of dimension 1
MHS encountered : 2 

MHS found: [2, 12] of dimension 2
MHS encountered : 3 

MHS found: [2, 13] of dimension 2
MHS encountered : 4 

MHS found: [2, 16] of dimension 2
MHS encountered : 5 

MHS found: [2, 17] of dimension 2
MHS encountered : 6 

MHS found: [2, 21] of dimension 2
MHS encountered : 7 

MHS found: [2, 32] of dimension 2
MHS encountered : 8 

MHS found: [2, 33] of dimension 2
MHS encountered : 9 

MHS found: [2, 47] of dimension 2
MHS encountered : 10 

MHS found: [2, 49] of dimension 2
MHS encountered : 11 

MHS found: [2, 53] of dimension 2
MHS encountered : 12 

MHS found: [2, 65] of dimension 2
MHS encountered : 13 

MHS found: [2, 69] of dimension 2
MHS encountered : 14 

MHS found: [2, 77] of dimension 2
MHS encountered : 15 

MHS found: [2, 115] of dimension 2
MHS encountered : 16 

MHS found: [2, 136] of dimension 2
MHS encountered : 17 

MHS found: [3, 12] of dimension 2
MHS encountered : 18 

MHS found: [3, 13] of dimension 2
MHS encountered : 19 

MHS found: [3, 16] of dimension 2
MHS encountered : 20 

MHS found: [3, 17] of dimension 2
MHS encountered : 21 

MHS found: [3, 21] of dimension 2
MHS encountered : 22 

MHS found: [3, 32] of dimension 2
MHS encountered : 23 

MHS found: [3, 33] of dimension 2
MHS encountered : 24 

MHS found: [3, 47] of dimension 2
MHS encountered : 25 

MHS found: [3, 49] of dimension 2
MHS encountered : 26 

MHS found: [3, 53] of dimension 2
MHS encountered : 27 

MHS found: [3, 65] of dimension 2
MHS encountered : 28 

MHS found: [3, 69] of dimension 2
MHS encountered : 29 

MHS found: [3, 77] of dimension 2
MHS encountered : 30 

MHS found: [3, 115] of dimension 2
MHS encountered : 31 

MHS found: [3, 136] of dimension 2
MHS encountered : 32 

MHS found: [6, 12] of dimension 2
MHS encountered : 33 

MHS found: [6, 13] of dimension 2
MHS encountered : 34 

MHS found: [6, 16] of dimension 2
MHS encountered : 35 

MHS found: [6, 17] of dimension 2
MHS encountered : 36 

MHS found: [6, 21] of dimension 2
MHS encountered : 37 

MHS found: [6, 32] of dimension 2
MHS encountered : 38 

MHS found: [6, 33] of dimension 2
MHS encountered : 39 

MHS found: [6, 47] of dimension 2
MHS encountered : 40 

MHS found: [6, 49] of dimension 2
MHS encountered : 41 

MHS found: [6, 53] of dimension 2
MHS encountered : 42 

MHS found: [6, 65] of dimension 2
MHS encountered : 43 

MHS found: [6, 69] of dimension 2
MHS encountered : 44 

MHS found: [6, 77] of dimension 2
MHS encountered : 45 

MHS found: [6, 115] of dimension 2
MHS encountered : 46 

MHS found: [6, 136] of dimension 2
MHS encountered : 47 

MHS found: [7, 12] of dimension 2
MHS encountered : 48 

MHS found: [7, 13] of dimension 2
MHS encountered : 49 

MHS found: [7, 16] of dimension 2
MHS encountered : 50 

MHS found: [7, 17] of dimension 2
MHS encountered : 51 

MHS found: [7, 21] of dimension 2
MHS encountered : 52 

MHS found: [7, 32] of dimension 2
MHS encountered : 53 

MHS found: [7, 33] of dimension 2
MHS encountered : 54 

MHS found: [7, 47] of dimension 2
MHS encountered : 55 

MHS found: [7, 49] of dimension 2
MHS encountered : 56 

MHS found: [7, 53] of dimension 2
MHS encountered : 57 

MHS found: [7, 65] of dimension 2
MHS encountered : 58 

MHS found: [7, 69] of dimension 2
MHS encountered : 59 

MHS found: [7, 77] of dimension 2
MHS encountered : 60 

MHS found: [7, 115] of dimension 2
MHS encountered : 61 

MHS found: [7, 136] of dimension 2
MHS encountered : 62 

MHS found: [12, 24] of dimension 2
MHS encountered : 63 

MHS found: [12, 38] of dimension 2
MHS encountered : 64 

MHS found: [12, 39] of dimension 2
MHS encountered : 65 

MHS found: [12, 42] of dimension 2
MHS encountered : 66 

MHS found: [12, 44] of dimension 2
MHS encountered : 67 

MHS found: [12, 56] of dimension 2
MHS encountered : 68 

MHS found: [12, 60] of dimension 2
MHS encountered : 69 

MHS found: [12, 72] of dimension 2
MHS encountered : 70 

MHS found: [12, 80] of dimension 2
MHS encountered : 71 

MHS found: [13, 24] of dimension 2
MHS encountered : 72 

MHS found: [13, 38] of dimension 2
MHS encountered : 73 

MHS found: [13, 39] of dimension 2
MHS encountered : 74 

MHS found: [13, 42] of dimension 2
MHS encountered : 75 

MHS found: [13, 44] of dimension 2
MHS encountered : 76 

MHS found: [13, 56] of dimension 2
MHS encountered : 77 

MHS found: [13, 60] of dimension 2
MHS encountered : 78 

MHS found: [13, 72] of dimension 2
MHS encountered : 79 

MHS found: [13, 80] of dimension 2
MHS encountered : 80 

MHS found: [16, 24] of dimension 2
MHS encountered : 81 

MHS found: [16, 38] of dimension 2
MHS encountered : 82 

MHS found: [16, 39] of dimension 2
MHS encountered : 83 

MHS found: [16, 42] of dimension 2
MHS encountered : 84 

MHS found: [16, 44] of dimension 2
MHS encountered : 85 

MHS found: [16, 56] of dimension 2
MHS encountered : 86 

MHS found: [16, 60] of dimension 2
MHS encountered : 87 

MHS found: [16, 72] of dimension 2
MHS encountered : 88 

MHS found: [16, 80] of dimension 2
MHS encountered : 89 

MHS found: [17, 24] of dimension 2
MHS encountered : 90 

MHS found: [17, 38] of dimension 2
MHS encountered : 91 

MHS found: [17, 39] of dimension 2
MHS encountered : 92 

MHS found: [17, 42] of dimension 2
MHS encountered : 93 

MHS found: [17, 44] of dimension 2
MHS encountered : 94 

MHS found: [17, 56] of dimension 2
MHS encountered : 95 

MHS found: [17, 60] of dimension 2
MHS encountered : 96 

MHS found: [17, 72] of dimension 2
MHS encountered : 97 

MHS found: [17, 80] of dimension 2
MHS encountered : 98 

MHS found: [21, 24] of dimension 2
MHS encountered : 99 

MHS found: [21, 38] of dimension 2
MHS encountered : 100 

MHS found: [21, 39] of dimension 2
MHS encountered : 101 

MHS found: [21, 42] of dimension 2
MHS encountered : 102 

MHS found: [21, 44] of dimension 2
MHS encountered : 103 

MHS found: [21, 56] of dimension 2
MHS encountered : 104 

MHS found: [21, 60] of dimension 2
MHS encountered : 105 

MHS found: [21, 72] of dimension 2
MHS encountered : 106 

MHS found: [21, 80] of dimension 2
MHS encountered : 107 

MHS found: [24, 32] of dimension 2
MHS encountered : 108 

MHS found: [24, 33] of dimension 2
MHS encountered : 109 

MHS found: [24, 47] of dimension 2
MHS encountered : 110 

MHS found: [24, 49] of dimension 2
MHS encountered : 111 

MHS found: [24, 53] of dimension 2
MHS encountered : 112 

MHS found: [24, 65] of dimension 2
MHS encountered : 113 

MHS found: [24, 69] of dimension 2
MHS encountered : 114 

MHS found: [24, 77] of dimension 2
MHS encountered : 115 

MHS found: [24, 115] of dimension 2
MHS encountered : 116 

MHS found: [24, 136] of dimension 2
MHS encountered : 117 

MHS found: [32, 38] of dimension 2
MHS encountered : 118 

MHS found: [32, 39] of dimension 2
MHS encountered : 119 

MHS found: [32, 42] of dimension 2
MHS encountered : 120 

MHS found: [32, 44] of dimension 2
MHS encountered : 121 

MHS found: [32, 56] of dimension 2
MHS encountered : 122 

MHS found: [32, 60] of dimension 2
MHS encountered : 123 

MHS found: [32, 72] of dimension 2
MHS encountered : 124 

MHS found: [32, 80] of dimension 2
MHS encountered : 125 

MHS found: [33, 38] of dimension 2
MHS encountered : 126 

MHS found: [33, 39] of dimension 2
MHS encountered : 127 

MHS found: [33, 42] of dimension 2
MHS encountered : 128 

MHS found: [33, 44] of dimension 2
MHS encountered : 129 

MHS found: [33, 56] of dimension 2
MHS encountered : 130 

MHS found: [33, 60] of dimension 2
MHS encountered : 131 

MHS found: [33, 72] of dimension 2
MHS encountered : 132 

MHS found: [33, 80] of dimension 2
MHS encountered : 133 

MHS found: [38, 47] of dimension 2
MHS encountered : 134 

MHS found: [38, 49] of dimension 2
MHS encountered : 135 

MHS found: [38, 53] of dimension 2
MHS encountered : 136 

MHS found: [38, 65] of dimension 2
MHS encountered : 137 

MHS found: [38, 69] of dimension 2
MHS encountered : 138 

MHS found: [38, 77] of dimension 2
MHS encountered : 139 

MHS found: [38, 115] of dimension 2
MHS encountered : 140 

MHS found: [38, 136] of dimension 2
MHS encountered : 141 

MHS found: [39, 47] of dimension 2
MHS encountered : 142 

MHS found: [39, 49] of dimension 2
MHS encountered : 143 

MHS found: [39, 53] of dimension 2
MHS encountered : 144 

MHS found: [39, 65] of dimension 2
MHS encountered : 145 

MHS found: [39, 69] of dimension 2
MHS encountered : 146 

MHS found: [39, 77] of dimension 2
MHS encountered : 147 

MHS found: [39, 115] of dimension 2
MHS encountered : 148 

MHS found: [39, 136] of dimension 2
MHS encountered : 149 

MHS found: [42, 47] of dimension 2
MHS encountered : 150 

MHS found: [42, 49] of dimension 2
MHS encountered : 151 

MHS found: [42, 53] of dimension 2
MHS encountered : 152 

MHS found: [42, 65] of dimension 2
MHS encountered : 153 

MHS found: [42, 69] of dimension 2
MHS encountered : 154 

MHS found: [42, 77] of dimension 2
MHS encountered : 155 

MHS found: [42, 115] of dimension 2
MHS encountered : 156 

MHS found: [42, 136] of dimension 2
MHS encountered : 157 

MHS found: [44, 47] of dimension 2
MHS encountered : 158 

MHS found: [44, 49] of dimension 2
MHS encountered : 159 

MHS found: [44, 53] of dimension 2
MHS encountered : 160 

MHS found: [44, 65] of dimension 2
MHS encountered : 161 

MHS found: [44, 69] of dimension 2
MHS encountered : 162 

MHS found: [44, 77] of dimension 2
MHS encountered : 163 

MHS found: [44, 115] of dimension 2
MHS encountered : 164 

MHS found: [44, 136] of dimension 2
MHS encountered : 165 

MHS found: [47, 56] of dimension 2
MHS encountered : 166 

MHS found: [47, 60] of dimension 2
MHS encountered : 167 

MHS found: [47, 72] of dimension 2
MHS encountered : 168 

MHS found: [47, 80] of dimension 2
MHS encountered : 169 

MHS found: [49, 56] of dimension 2
MHS encountered : 170 

MHS found: [49, 60] of dimension 2
MHS encountered : 171 

MHS found: [49, 72] of dimension 2
MHS encountered : 172 

MHS found: [49, 80] of dimension 2
MHS encountered : 173 

MHS found: [53, 56] of dimension 2
MHS encountered : 174 

MHS found: [53, 60] of dimension 2
MHS encountered : 175 

MHS found: [53, 72] of dimension 2
MHS encountered : 176 

MHS found: [53, 80] of dimension 2
MHS encountered : 177 

MHS found: [56, 65] of dimension 2
MHS encountered : 178 

MHS found: [56, 69] of dimension 2
MHS encountered : 179 

MHS found: [56, 77] of dimension 2
MHS encountered : 180 

MHS found: [56, 115] of dimension 2
MHS encountered : 181 

MHS found: [56, 136] of dimension 2
MHS encountered : 182 

MHS found: [60, 65] of dimension 2
MHS encountered : 183 

MHS found: [60, 69] of dimension 2
MHS encountered : 184 

MHS found: [60, 77] of dimension 2
MHS encountered : 185 

MHS found: [60, 115] of dimension 2
MHS encountered : 186 

MHS found: [60, 136] of dimension 2
MHS encountered : 187 

MHS found: [65, 72] of dimension 2
MHS encountered : 188 

MHS found: [65, 80] of dimension 2
MHS encountered : 189 

MHS found: [69, 72] of dimension 2
MHS encountered : 190 

MHS found: [69, 80] of dimension 2
MHS encountered : 191 

MHS found: [72, 77] of dimension 2
MHS encountered : 192 

MHS found: [72, 115] of dimension 2
MHS encountered : 193 

MHS found: [72, 136] of dimension 2
MHS encountered : 194 

MHS found: [77, 80] of dimension 2
MHS encountered : 195 

MHS found: [80, 115] of dimension 2
MHS encountered : 196 

MHS found: [80, 136] of dimension 2
MHS encountered : 197 

MBASE required 0.012753 seconds to execute 
 Execution completed 

